mode: set
github.com/kenykendf/go-restful/internal/pkg/middleware/logging_middleware.go:11.42,12.32 1 0
github.com/kenykendf/go-restful/internal/pkg/middleware/logging_middleware.go:12.32,31.3 10 0
github.com/kenykendf/go-restful/internal/pkg/middleware/recovery_middleware.go:9.43,10.32 1 1
github.com/kenykendf/go-restful/internal/pkg/middleware/recovery_middleware.go:10.32,11.16 1 1
github.com/kenykendf/go-restful/internal/pkg/middleware/recovery_middleware.go:11.16,13.18 2 1
github.com/kenykendf/go-restful/internal/pkg/middleware/recovery_middleware.go:13.18,15.5 1 1
github.com/kenykendf/go-restful/internal/pkg/middleware/recovery_middleware.go:17.3,17.13 1 1
