mode: set
github.com/kenykendf/go-restful/internal/pkg/validator/validator.go:7.13,9.2 1 1
github.com/kenykendf/go-restful/internal/pkg/validator/validator.go:11.36,14.2 2 1
github.com/kenykendf/go-restful/internal/pkg/middleware/logging_middleware.go:11.42,12.32 1 0
github.com/kenykendf/go-restful/internal/pkg/middleware/logging_middleware.go:12.32,31.3 10 0
github.com/kenykendf/go-restful/internal/pkg/middleware/recovery_middleware.go:10.43,11.32 1 1
github.com/kenykendf/go-restful/internal/pkg/middleware/recovery_middleware.go:11.32,12.16 1 1
github.com/kenykendf/go-restful/internal/pkg/middleware/recovery_middleware.go:12.16,14.18 2 1
github.com/kenykendf/go-restful/internal/pkg/middleware/recovery_middleware.go:14.18,16.5 1 1
github.com/kenykendf/go-restful/internal/pkg/middleware/recovery_middleware.go:18.3,18.13 1 1
